<?xml version="1.0" encoding="UTF-8"?>
<!-- Generated by org.testng.reporters.JUnitReportReporter -->
<testsuite hostname="DESKTOP-RSMIM3G" failures="0" tests="1" name="TESTNG.NewTest3" time="0.003" errors="0" timestamp="2022-04-06T21:56:29 IST" skipped="0">
  <testcase classname="TESTNG.NewTest3" name="homepage" time="0.003"/>
  <system-out/>
</testsuite> <!-- TESTNG.NewTest3 -->
