<?xml version="1.0" encoding="UTF-8"?>
<!-- Generated by org.testng.reporters.JUnitReportReporter -->
<testsuite hostname="DESKTOP-RSMIM3G" failures="0" tests="1" name="TESTNG.EXPLICIT" time="15.905" errors="0" timestamp="2022-03-31T23:11:44 IST" skipped="0">
  <testcase classname="TESTNG.EXPLICIT" name="testCase1" time="15.905"/>
  <system-out/>
</testsuite> <!-- TESTNG.EXPLICIT -->
