<?xml version="1.0" encoding="UTF-8"?>
<!-- Generated by org.testng.reporters.JUnitReportReporter -->
<testsuite hostname="DESKTOP-RSMIM3G" failures="0" tests="1" name="TESTNG.PARALLELTESTING" time="0.027" errors="0" timestamp="2022-03-25T09:35:51 IST" skipped="0">
  <testcase classname="TESTNG.PARALLELTESTING" name="afterpage" time="0.027"/>
  <system-out/>
</testsuite> <!-- TESTNG.PARALLELTESTING -->
