<?xml version="1.0" encoding="UTF-8"?>
<!-- Generated by org.testng.reporters.JUnitReportReporter -->
<testsuite hostname="DESKTOP-RSMIM3G" failures="0" tests="1" name="TESTNG.NewTest" time="0.046" errors="0" timestamp="2022-03-24T22:18:21 IST" skipped="0">
  <testcase classname="TESTNG.NewTest" name="homepage" time="0.046"/>
  <system-out/>
</testsuite> <!-- TESTNG.NewTest -->
