<?xml version="1.0" encoding="UTF-8"?>
<!-- Generated by org.testng.reporters.JUnitReportReporter -->
<testsuite hostname="DESKTOP-RSMIM3G" failures="0" tests="2" name="TESTNG.TESTINGCLASS1" time="0.030" errors="0" timestamp="2022-04-06T21:56:29 IST" skipped="1">
  <testcase classname="TESTNG.TESTINGCLASS1" name="testcase2" time="0.030"/>
  <system-out/>
  <testcase classname="TESTNG.TESTINGCLASS1" name="testcase1">
    <skipped/>
  </testcase> <!-- testcase1 -->
  <system-out/>
</testsuite> <!-- TESTNG.TESTINGCLASS1 -->
