<?xml version="1.0" encoding="UTF-8"?>
<!-- Generated by org.testng.reporters.JUnitReportReporter -->
<testsuite hostname="DESKTOP-RSMIM3G" failures="0" tests="3" name="TESTNG.NewTestorder" time="0.007" errors="0" timestamp="2022-04-06T21:32:28 IST" skipped="0">
  <testcase classname="TESTNG.NewTestorder" name="afterPage1" time="0.003"/>
  <system-out/>
  <testcase classname="TESTNG.NewTestorder" name="homepage" time="0.002"/>
  <system-out/>
  <testcase classname="TESTNG.NewTestorder" name="sliderbar" time="0.002"/>
  <system-out/>
</testsuite> <!-- TESTNG.NewTestorder -->
