<?xml version="1.0" encoding="UTF-8"?>
<!-- Generated by org.testng.reporters.JUnitReportReporter -->
<testsuite hostname="DESKTOP-RSMIM3G" failures="0" tests="3" name="TESTNG.dataprovider" time="109.980" errors="0" timestamp="2022-03-28T20:32:18 IST" skipped="0">
  <testcase classname="TESTNG.dataprovider" name="login" time="26.031"/>
  <system-out/>
  <testcase classname="TESTNG.dataprovider" name="login" time="45.672"/>
  <system-out/>
  <testcase classname="TESTNG.dataprovider" name="login" time="38.277"/>
  <system-out/>
</testsuite> <!-- TESTNG.dataprovider -->
