<?xml version="1.0" encoding="UTF-8"?>
<!-- Generated by org.testng.reporters.JUnitReportReporter -->
<testsuite hostname="DESKTOP-RSMIM3G" failures="0" tests="1" name="TESTNG.NewTest2" time="0.004" errors="0" timestamp="2022-04-06T21:32:28 IST" skipped="0">
  <testcase classname="TESTNG.NewTest2" name="testcase" time="0.004"/>
  <system-out/>
</testsuite> <!-- TESTNG.NewTest2 -->
