<?xml version="1.0" encoding="UTF-8"?>
<!-- Generated by org.testng.reporters.JUnitReportReporter -->
<testsuite hostname="DESKTOP-RSMIM3G" failures="0" tests="3" name="TESTNG.Listnerss" time="0.053" errors="0" timestamp="2022-03-31T12:32:11 IST" skipped="0">
  <testcase classname="TESTNG.Listnerss" name="login" time="0.004"/>
  <system-out/>
  <testcase classname="TESTNG.Listnerss" name="getTitle" time="0.042"/>
  <system-out/>
  <testcase classname="TESTNG.Listnerss" name="getindex" time="0.007"/>
  <system-out/>
</testsuite> <!-- TESTNG.Listnerss -->
