<?xml version="1.0" encoding="UTF-8"?>
<!-- Generated by org.testng.reporters.JUnitReportReporter -->
<testsuite hostname="DESKTOP-RSMIM3G" failures="0" tests="1" name="TESTNG.Paralleltsting2" time="0.031" errors="0" timestamp="2022-03-25T09:35:51 IST" skipped="0">
  <testcase classname="TESTNG.Paralleltsting2" name="getTitle" time="0.031"/>
  <system-out/>
</testsuite> <!-- TESTNG.Paralleltsting2 -->
